translate-header {
  position: fixed;
  top: 0;
  left: 0;
  width: 100%;
  background-color: #fff;
  z-index: 99; }
  translate-header .logo {
    width: 96px; }
  translate-header .container {
    padding-top: 20px;
    padding-bottom: 20px;
    display: -webkit-box;
    display: -ms-flexbox;
    display: flex;
    -webkit-box-pack: justify;
    -ms-flex-pack: justify;
    justify-content: space-between; }
  @media screen and (max-width: 768px) {
    translate-header .container {
      padding-top: 15px;
      padding-bottom: 15px;
      -webkit-box-orient: vertical;
      -webkit-box-direction: normal;
      -ms-flex-direction: column;
      flex-direction: column;
      -webkit-box-align: center;
      -ms-flex-align: center;
      align-items: center; } }

.header-menu a {
  -webkit-transition: border .3s, color .3s;
  transition: border .3s, color .3s;
  font-size: 14px;
  padding-bottom: 1em;
  border-bottom: 3px solid transparent;
  vertical-align: top;
  color: #8888A2;
  text-decoration: none;
  font-weight: 500;
  letter-spacing: -0.02em; }

.header-menu stencil-route-link + stencil-route-link,
.header-menu stencil-route-link + a {
  margin-left: 30px; }

.header-menu a:not(.link--external):hover,
.header-menu a.link-active {
  border-bottom-color: rgba(136, 136, 162, 0.2); }

.header-menu a.link-active {
  color: #505061; }

.header-menu .link--external .icon {
  -webkit-transition: top 0.2s, left 0.2s;
  transition: top 0.2s, left 0.2s;
  position: relative; }

.header-menu .link--external:hover {
  color: #505061; }
  .header-menu .link--external:hover .icon {
    left: 1px;
    top: -1px; }

.header-overflow,
.header-close {
  -webkit-transition: opacity 0.3s;
  transition: opacity 0.3s;
  width: 22px;
  height: 18px;
  right: 1em;
  cursor: pointer;
  opacity: 0.5; }
  .header-overflow:hover,
  .header-close:hover {
    opacity: 1; }
  @media screen and (max-width: 768px) {
    .header-overflow,
    .header-close {
      display: block;
      -webkit-box-pack: center;
      -ms-flex-pack: center;
      justify-content: center; } }

.header-close .icon-close {
  fill: #fff; }

@media screen and (max-width: 768px) {
  .header-menu {
    -webkit-transition: opacity 0.3s;
    transition: opacity 0.3s;
    position: fixed;
    width: 100%;
    height: 100%;
    top: 0;
    left: 0;
    bottom: 0;
    right: 0;
    display: -webkit-box;
    display: -ms-flexbox;
    display: flex;
    -webkit-box-orient: vertical;
    -webkit-box-direction: normal;
    -ms-flex-direction: column;
    flex-direction: column;
    -webkit-box-pack: center;
    -ms-flex-pack: center;
    justify-content: center;
    -webkit-box-align: center;
    -ms-flex-align: center;
    align-items: center;
    background: #16161D;
    opacity: 0;
    display: none; }
    .header-menu stencil-route-link + stencil-route-link,
    .header-menu stencil-route-link + a {
      margin-left: 0px;
      margin-top: 38px; }
    .header-menu a {
      font-size: 24px;
      color: rgba(235, 235, 247, 0.7); }
    .header-menu a:not(.link--external):hover,
    .header-menu a.link-active {
      border-bottom-color: rgba(235, 235, 247, 0.4); }
    .header-menu a.link-active,
    .header-menu a.link-active:hover {
      color: #fff; }
    .header-menu stencil-route-link,
    .header-menu .link--external {
      -webkit-transition: -webkit-transform 0.4s;
      transition: -webkit-transform 0.4s;
      transition: transform 0.4s;
      transition: transform 0.4s, -webkit-transform 0.4s;
      -webkit-transform: translateY(8px);
      transform: translateY(8px); }
    .header-menu .link--external:hover {
      color: #fff; }
  .show-mobile-menu {
    z-index: 999999; }
  .show-mobile-menu .header-menu {
    opacity: 1; }
  .show-mobile-menu .header-menu stencil-route-link,
  .show-mobile-menu .header-menu .link--external {
    -webkit-transform: translateY(0);
    transform: translateY(0); } }