main-page main {
  display: -webkit-box;
  display: -ms-flexbox;
  display: flex;
  -webkit-box-pack: center;
  -ms-flex-pack: center;
  justify-content: center;
  -webkit-box-orient: vertical;
  -webkit-box-direction: normal;
  -ms-flex-direction: column;
  flex-direction: column;
  -webkit-box-align: center;
  -ms-flex-align: center;
  align-items: center;
  margin-top: 3em; }

main-page #logo {
  width: 4em;
  height: 4em; }

main-page #action-call {
  font-size: 3.2em;
  text-align: center;
  width: 16em;
  line-height: normal;
  margin-top: 20px; }

main-page button {
  margin: 8px;
  border: none;
  font-size: 13px;
  font-weight: 700;
  text-transform: uppercase;
  padding: 16px 20px;
  border-radius: 2px;
  -webkit-box-shadow: 0 8px 16px rgba(0, 0, 0, 0.1), 0 3px 6px rgba(0, 0, 0, 0.08);
  box-shadow: 0 8px 16px rgba(0, 0, 0, 0.1), 0 3px 6px rgba(0, 0, 0, 0.08);
  outline: none;
  letter-spacing: 0.04em;
  -webkit-transition: all .15s ease;
  transition: all .15s ease;
  cursor: pointer; }

main-page button:hover {
  -webkit-box-shadow: 0 4px 6px rgba(0, 0, 0, 0.12), 0 1px 3px rgba(0, 0, 0, 0.08);
  box-shadow: 0 4px 6px rgba(0, 0, 0, 0.12), 0 1px 3px rgba(0, 0, 0, 0.08);
  -webkit-transform: translateY(1px);
  transform: translateY(1px); }

main-page #get-started {
  background: #5851ff;
  color: white; }

main-page #learn-more {
  background: white;
  color: #5851ff; }

main-page #background {
  height: 100%;
  position: fixed;
  width: 100%;
  z-index: 8888;
  top: 0;
  left: 0;
  bottom: 0;
  right: 0;
  opacity: 0;
  pointer-events: none;
  background-color: #00082d;
  -webkit-transition: opacity 0.3s cubic-bezier(0.36, 0.66, 0.04, 1);
  transition: opacity 0.3s cubic-bezier(0.36, 0.66, 0.04, 1); }

main-page .background-show {
  opacity: 0.4 !important;
  pointer-events: auto !important; }

main-page #three-points {
  display: -webkit-box;
  display: -ms-flexbox;
  display: flex;
  -ms-flex-pack: distribute;
  justify-content: space-around;
  text-align: center;
  margin-top: 3.2em;
  margin-bottom: 2.8em; }

main-page .point-card {
  margin: 2.4em;
  position: relative; }
  main-page .point-card h2 {
    margin-top: 72px; }
  main-page .point-card p {
    color: #626177;
    font-weight: 400;
    font-size: 16px;
    letter-spacing: -0.02em;
    line-height: 30px; }
  main-page .point-card::before {
    position: absolute;
    background: url(/assets/img/feature-icons.png) no-repeat;
    background-size: 48px;
    height: 48px;
    width: 48px;
    content: "";
    top: 0;
    left: calc(50% - 24px); }
  main-page .point-card.performant::before {
    background-position: 0 -48px; }
  main-page .point-card.future-proof::before {
    background-position: 0 -96px; }

@media screen and (max-width: 740px) {
  main-page #action-call {
    width: auto; }
  main-page #launch-video {
    display: none; }
  main-page #youtube-video {
    display: none; }
  main-page #mobile-video {
    display: -webkit-box;
    display: -ms-flexbox;
    display: flex; }
  main-page #three-points {
    -webkit-box-orient: vertical;
    -webkit-box-direction: normal;
    -ms-flex-direction: column;
    flex-direction: column;
    text-align: left; }
    main-page #three-points .point-card {
      margin: 1em 2.4em; }
    main-page #three-points .point-card::before {
      left: 0; } }