imr-app-header {
  position: fixed;
  top: 0;
  left: 0;
  width: 100%;
  background-color: #fff;
  z-index: 99; }
  imr-app-header .logo {
    width: 96px; }
  imr-app-header .container {
    padding-top: 20px;
    padding-bottom: 20px;
    display: -webkit-box;
    display: -ms-flexbox;
    display: flex;
    -webkit-box-pack: justify;
    -ms-flex-pack: justify;
    justify-content: space-between; }
  @media screen and (max-width: 768px) {
    imr-app-header .container {
      padding-top: 15px;
      padding-bottom: 15px;
      -webkit-box-orient: vertical;
      -webkit-box-direction: normal;
      -ms-flex-direction: column;
      flex-direction: column;
      -webkit-box-align: center;
      -ms-flex-align: center;
      align-items: center; } }

.header-menu a {
  -webkit-transition: border .3s, color .3s;
  transition: border .3s, color .3s;
  font-size: 14px;
  padding-bottom: 1em;
  border-bottom: 3px solid transparent;
  vertical-align: top;
  color: #8888A2;
  text-decoration: none;
  font-weight: 500;
  letter-spacing: -0.02em; }

.header-menu stencil-route-link + stencil-route-link,
.header-menu stencil-route-link + a {
  margin-left: 30px; }

.header-menu a:not(.link--external):hover,
.header-menu a.link-active {
  border-bottom-color: rgba(136, 136, 162, 0.2); }

.header-menu a.link-active {
  color: #505061; }

.header-menu .link--external .icon {
  -webkit-transition: top 0.2s, left 0.2s;
  transition: top 0.2s, left 0.2s;
  position: relative; }

.header-menu .link--external:hover {
  color: #505061; }
  .header-menu .link--external:hover .icon {
    left: 1px;
    top: -1px; }

.header-overflow,
.header-close {
  -webkit-transition: opacity 0.3s;
  transition: opacity 0.3s;
  width: 22px;
  height: 18px;
  cursor: pointer;
  opacity: 0.5; }
  .header-overflow:hover,
  .header-close:hover {
    opacity: 1; }
  @media screen and (max-width: 768px) {
    .header-overflow,
    .header-close {
      display: block;
      -webkit-box-pack: center;
      -ms-flex-pack: center;
      justify-content: center; } }

.header-close .icon-close {
  fill: #fff; }