/*! Built with http://stenciljs.com */
App.loadBundle('/**:bundle-id:**/', ['exports'], function (exports) {
    var h = window.App.h;
    /**
     *
     *
     * @export
     * @class LanguageCard
     */
    var LanguageCard = /** @class */ (function () {
        function LanguageCard() {
        }
        LanguageCard.prototype.render = function () {
            return (h("div", null, h("div", { class: "demo-card__image" }, h("a", { target: "_blank", rel: "noopener" }, h("img", { src: "" + this.imgPath, srcSet: this.imgPath + " 1x, " + this.imgPath + "@2x 2x", alt: this.alt }))), h("p", null, this.name)));
        };
        Object.defineProperty(LanguageCard, "is", {
            get: function () { return "imr-language-card"; },
            enumerable: true,
            configurable: true
        });
        Object.defineProperty(LanguageCard, "properties", {
            get: function () {
                return {
                    "alt": {
                        "type": String,
                        "attr": "alt"
                    },
                    "imgPath": {
                        "type": String,
                        "attr": "img-path"
                    },
                    "name": {
                        "type": String,
                        "attr": "name"
                    }
                };
            },
            enumerable: true,
            configurable: true
        });
        Object.defineProperty(LanguageCard, "style", {
            get: function () { return "/**style-placeholder:imr-language-card:**/"; },
            enumerable: true,
            configurable: true
        });
        return LanguageCard;
    }());
    exports.ImrLanguageCard = LanguageCard;
    Object.defineProperty(exports, '__esModule', { value: true });
});
