/*! Built with http://stenciljs.com */
App.loadBundle('/**:bundle-id:**/', ['exports'], function (exports) {
    var h = window.App.h;
    /**
     *
     * @export
     * @class TranslateInput
     * Represents a custom input that includes a title and placeholder.
     * @property {string} word - the value inside of the input.
     * @property {string} description - This will be the title of such input.
     * @property {string} example - The placeholder inside of the input.
     */
    var Input = /** @class */ (function () {
        function Input() {
        }
        Input.prototype.render = function () {
            return (h("div", null, h("div", { class: "translate-input" }, h("h4", null, this.description), h("input", { type: "text", value: this.word, placeholder: this.example }))));
        };
        Object.defineProperty(Input, "is", {
            get: function () { return "imr-input"; },
            enumerable: true,
            configurable: true
        });
        Object.defineProperty(Input, "properties", {
            get: function () {
                return {
                    "description": {
                        "type": String,
                        "attr": "description"
                    },
                    "example": {
                        "type": String,
                        "attr": "example"
                    },
                    "word": {
                        "type": String,
                        "attr": "word"
                    }
                };
            },
            enumerable: true,
            configurable: true
        });
        Object.defineProperty(Input, "style", {
            get: function () { return "/**style-placeholder:imr-input:**/"; },
            enumerable: true,
            configurable: true
        });
        return Input;
    }());
    var MainPage = /** @class */ (function () {
        function MainPage() {
            this.reload = function () {
                document.getElementById('reload').onclick = function () {
                    chrome.runtime.sendMessage({ greeting: "hello" }, function (response) {
                        console.log("SENT GREETING atm");
                        console.log(response);
                    });
                };
            };
            document.title = "Immerse";
        }
        MainPage.prototype.render = function () {
            return (h("div", { class: "main-wrapper" }, h("button", { id: "reload", onClick: this.reload }, "RELOAD"), h("imr-language-list", null), h("main", null, h("h2", null, "Immerse"), h("imr-input", { description: "Old word", example: "cat" }), h("imr-input", { description: "New word", example: "Katze" }), h("button", { id: "add-button" }, "Add"))));
        };
        Object.defineProperty(MainPage, "is", {
            get: function () { return "imr-view-main"; },
            enumerable: true,
            configurable: true
        });
        Object.defineProperty(MainPage, "properties", {
            get: function () {
                return {
                    "el": {
                        "elementRef": true
                    }
                };
            },
            enumerable: true,
            configurable: true
        });
        Object.defineProperty(MainPage, "style", {
            get: function () { return "/**style-placeholder:imr-view-main:**/"; },
            enumerable: true,
            configurable: true
        });
        return MainPage;
    }());
    exports.ImrInput = Input;
    exports.ImrViewMain = MainPage;
    Object.defineProperty(exports, '__esModule', { value: true });
});
