/*! Built with http://stenciljs.com */
import { h } from './app.core.js';
var ViewWordList = /** @class */ (function () {
    function ViewWordList() {
    }
    ViewWordList.prototype.componentWillLoad = function () {
        var _this = this;
        console.log("Will load");
        chrome.storage.sync.get(['imrkorean'], function (result) {
            _this.setWords(result['imrkorean']);
            console.log("words loaded into wordlist", _this.words);
        });
    };
    ViewWordList.prototype.componentWillUpdate = function () {
        var _this = this;
        chrome.storage.sync.get(['imrkorean'], function (result) {
            _this.setWords(result['imrkorean']);
            console.log("words loaded into wordlist", _this.words);
        });
    };
    ViewWordList.prototype.loadWords = function () {
        console.log(this.words);
    };
    ViewWordList.prototype.setWords = function (any) {
        this.words = any;
        console.log("setting words", any, this.words);
    };
    ViewWordList.prototype.render = function () {
        console.log("rendered", this.words);
        if (this.words) {
            var wordItems = [];
            for (var key in this.words) {
                var word = this.words[key];
                console.log(word);
                wordItems.push(h("imr-word-item", { value: word.value, translation: word.translation, insensitive: word.insensitive, ignoreWhiteSpace: word.ignoreWhiteSpace }));
            }
            return wordItems;
        }
        else
            return h("div", null, "NO WORDS");
    };
    Object.defineProperty(ViewWordList, "is", {
        get: function () { return "imr-view-word-list"; },
        enumerable: true,
        configurable: true
    });
    Object.defineProperty(ViewWordList, "properties", {
        get: function () {
            return {
                "_el": {
                    "elementRef": true
                },
                "loadWords": {
                    "method": true
                },
                "setWords": {
                    "method": true
                },
                "words": {
                    "state": true
                }
            };
        },
        enumerable: true,
        configurable: true
    });
    Object.defineProperty(ViewWordList, "style", {
        get: function () { return "/**style-placeholder:imr-view-word-list:**/"; },
        enumerable: true,
        configurable: true
    });
    return ViewWordList;
}());
/**
 * @export
 * @class TranslateWord
 * Class representing the element that will be injected into webpages for translated words.
 * @property {string} value - The word that is being replaced
 * @property {string} translation - The word that will replace the old one.
 * @property {string} lang - 2 letter shortened language. IE: ES, EN, DE
 * @property {string} type - The type of word. IE: noun, verb, adverb, etc.
 * @property {boolean} singular - Indicates if the word is for singular or plural
 */
var WordItem = /** @class */ (function () {
    function WordItem() {
    }
    WordItem.prototype.removeItem = function () {
        var _this = this;
        console.log("REMOVING ^");
        chrome.storage.sync.get(['imrkorean'], function (result) {
            console.log("found our word", result['imrkorean'][_this.value]);
            var newItems = result['imrkorean'];
            delete newItems[_this.value];
            chrome.storage.sync.set({ 'imrkorean': newItems }), function (words) {
                console.log("deleting this", words);
                this._el.parentElement.forceUpdate();
            };
        });
    };
    WordItem.prototype.render = function () {
        var _this = this;
        var trashstyle = { color: "red" };
        var checkstyle = { color: "green" };
        return [
            h("span", { class: this.type + " " + (this.singular ? "singular" : "plural") }, this.value),
            h("input", { type: "text", value: this.translation }),
            h("a", { onClick: function () { return _this.removeItem(); } }, h("i", { class: "far fa-trash-alt", style: trashstyle })),
            h("a", null, h("i", { class: "far fa-check-circle", style: checkstyle }))
        ];
    };
    Object.defineProperty(WordItem, "is", {
        get: function () { return "imr-word-item"; },
        enumerable: true,
        configurable: true
    });
    Object.defineProperty(WordItem, "properties", {
        get: function () {
            return {
                "_el": {
                    "elementRef": true
                },
                "ignoreWhiteSpace": {
                    "type": Boolean,
                    "attr": "ignore-white-space"
                },
                "insensitive": {
                    "type": Boolean,
                    "attr": "insensitive"
                },
                "singular": {
                    "type": Boolean,
                    "attr": "singular"
                },
                "translation": {
                    "type": String,
                    "attr": "translation"
                },
                "type": {
                    "type": String,
                    "attr": "type"
                },
                "value": {
                    "type": String,
                    "attr": "value"
                }
            };
        },
        enumerable: true,
        configurable: true
    });
    Object.defineProperty(WordItem, "style", {
        get: function () { return "/**style-placeholder:imr-word-item:**/"; },
        enumerable: true,
        configurable: true
    });
    return WordItem;
}());
export { ViewWordList as ImrViewWordList, WordItem as ImrWordItem };
