/*! Built with http://stenciljs.com */
import { h } from './app.core.js';
var ViewWordList = /** @class */ (function () {
    function ViewWordList() {
        this.words = [
            {
                "value": "cat",
                "translation": "Katze",
                "lang": "en",
                "type": "noun",
                "singular": true
            },
            {
                "value": "dog",
                "translation": "Hund",
                "lang": "en",
                "type": "noun",
                "singular": true
            }
        ];
    }
    ViewWordList.prototype.render = function () {
        return (h("div", null, this.words.map(function (word) { return (h("translate-word", { value: word.value, translation: word.translation, lang: word.lang, type: word.type, singular: word.singular })); })));
    };
    Object.defineProperty(ViewWordList, "is", {
        get: function () { return "imr-view-word-list"; },
        enumerable: true,
        configurable: true
    });
    Object.defineProperty(ViewWordList, "style", {
        get: function () { return "/**style-placeholder:imr-view-word-list:**/"; },
        enumerable: true,
        configurable: true
    });
    return ViewWordList;
}());
export { ViewWordList as ImrViewWordList };
