/*! Built with http://stenciljs.com */
import { h } from '../app.core.js';
var ViewWordList = /** @class */ (function () {
    function ViewWordList() {
        this.words = [];
    }
    ViewWordList.prototype.componentWillLoad = function () {
        chrome.storage.sync.get(['imrkorean'], function (result) {
            this.words = result['imrkorean'];
            console.log("words loaded into wordlist", result['imrkorean']);
        });
    };
    ViewWordList.prototype.render = function () {
        console.log("rendered");
        if (this.words)
            return [
                this.words.map(function (word) { return (h("imr-word-item", { value: word.value, translation: word.translation, insensitive: word.insensitive, ignoreWhiteSpace: word.ignoreWhiteSpace })); })
            ];
    };
    Object.defineProperty(ViewWordList, "is", {
        get: function () { return "imr-view-word-list"; },
        enumerable: true,
        configurable: true
    });
    Object.defineProperty(ViewWordList, "properties", {
        get: function () {
            return {
                "_el": {
                    "elementRef": true
                },
                "words": {
                    "state": true,
                    "watchCallbacks": ["render"]
                }
            };
        },
        enumerable: true,
        configurable: true
    });
    Object.defineProperty(ViewWordList, "style", {
        get: function () { return "/**style-placeholder:imr-view-word-list:**/"; },
        enumerable: true,
        configurable: true
    });
    return ViewWordList;
}());
/**
 * @export
 * @class TranslateWord
 * Class representing the element that will be injected into webpages for translated words.
 * @property {string} value - The word that is being replaced
 * @property {string} translation - The word that will replace the old one.
 * @property {string} lang - 2 letter shortened language. IE: ES, EN, DE
 * @property {string} type - The type of word. IE: noun, verb, adverb, etc.
 * @property {boolean} singular - Indicates if the word is for singular or plural
 */
var WordItem = /** @class */ (function () {
    function WordItem() {
    }
    WordItem.prototype.render = function () {
        return [
            h("span", { class: this.type + " " + (this.singular ? "singular" : "plural") }, this.value),
            h("input", { type: "text", value: this.translation }),
            h("a", { rel: "noopener", class: "svg-button", title: "Remove this word from the immerse list" }, h("app-icon", { name: "trash" }))
        ];
    };
    Object.defineProperty(WordItem, "is", {
        get: function () { return "imr-word-item"; },
        enumerable: true,
        configurable: true
    });
    Object.defineProperty(WordItem, "properties", {
        get: function () {
            return {
                "ignoreWhiteSpace": {
                    "type": Boolean,
                    "attr": "ignore-white-space"
                },
                "insensitive": {
                    "type": Boolean,
                    "attr": "insensitive"
                },
                "singular": {
                    "type": Boolean,
                    "attr": "singular"
                },
                "translation": {
                    "type": String,
                    "attr": "translation"
                },
                "type": {
                    "type": String,
                    "attr": "type"
                },
                "value": {
                    "type": String,
                    "attr": "value"
                }
            };
        },
        enumerable: true,
        configurable: true
    });
    Object.defineProperty(WordItem, "style", {
        get: function () { return "/**style-placeholder:imr-word-item:**/"; },
        enumerable: true,
        configurable: true
    });
    return WordItem;
}());
export { ViewWordList as ImrViewWordList, WordItem as ImrWordItem };
