/*! Built with http://stenciljs.com */
import { h } from '../app.core.js';
var AppIcon = /** @class */ (function () {
    function AppIcon() {
    }
    AppIcon.prototype.render = function () {
        return (h("svg", { class: "icon icon-" + this.name }, h("use", { xlinkHref: "#icon-" + this.name })));
    };
    Object.defineProperty(AppIcon, "is", {
        get: function () { return "app-icon"; },
        enumerable: true,
        configurable: true
    });
    Object.defineProperty(AppIcon, "properties", {
        get: function () {
            return {
                "name": {
                    "type": String,
                    "attr": "name"
                }
            };
        },
        enumerable: true,
        configurable: true
    });
    Object.defineProperty(AppIcon, "style", {
        get: function () { return "/**style-placeholder:app-icon:**/"; },
        enumerable: true,
        configurable: true
    });
    return AppIcon;
}());
export { AppIcon };
