/*! Built with http://stenciljs.com */
App.loadBundle('/**:bundle-id:**/', ['exports', './chunk-9289fe8e.js'], function (exports, __chunk_1) {
    var h = window.App.h;
    var AppBurger = /** @class */ (function () {
        function AppBurger() {
            this.toggleLeftSidebar = function () { };
        }
        AppBurger.prototype.render = function () {
            var _this = this;
            return (h("div", { class: "burger", onClick: function () { return _this.toggleLeftSidebar(); } }, h("app-icon", { name: "menu" }), h("app-icon", { name: "close" })));
        };
        Object.defineProperty(AppBurger, "is", {
            get: function () { return "app-burger"; },
            enumerable: true,
            configurable: true
        });
        Object.defineProperty(AppBurger, "properties", {
            get: function () {
                return {
                    "el": {
                        "elementRef": true
                    },
                    "toggleLeftSidebar": {
                        "type": "Any",
                        "attr": "toggle-left-sidebar"
                    }
                };
            },
            enumerable: true,
            configurable: true
        });
        Object.defineProperty(AppBurger, "style", {
            get: function () { return "/**style-placeholder:app-burger:**/"; },
            enumerable: true,
            configurable: true
        });
        return AppBurger;
    }());
    __chunk_1.SiteProviderConsumer.injectProps(AppBurger, ['toggleLeftSidebar']);
    exports.AppBurger = AppBurger;
    Object.defineProperty(exports, '__esModule', { value: true });
});
