/*! Built with http://stenciljs.com */
import { h } from './app.core.js';
import { a as SiteProviderConsumer } from './chunk-d68c9225.js';
var SiteMenu = /** @class */ (function () {
    function SiteMenu() {
    }
    SiteMenu.prototype.render = function () {
        return (h(SiteProviderConsumer.Consumer, null, function (_a) {
            var toggleLeftSidebar = _a.toggleLeftSidebar;
            return (h("div", null, h("ul", { class: 'menu-list' }, h("li", null, h("h4", null, "Introduction"), h("ul", null, h("li", null, h("stencil-route-link", { url: '/docs/introduction', onClick: function () { return toggleLeftSidebar(); } }, "Why Stencil")), h("li", null, h("stencil-route-link", { url: '/docs/getting-started', onClick: function () { return toggleLeftSidebar(); } }, "Getting Started")), h("li", null, h("stencil-route-link", { url: '/docs/my-first-component', onClick: function () { return toggleLeftSidebar(); } }, "My First Component")))), h("li", null, h("h4", null, "Reference"), h("ul", null, h("li", null, h("stencil-route-link", { url: '/docs/component-lifecycle', onClick: function () { return toggleLeftSidebar(); } }, "Component Life Cycle")), h("li", null, h("stencil-route-link", { url: '/docs/decorators', onClick: function () { return toggleLeftSidebar(); } }, "Decorators")), h("li", null, h("stencil-route-link", { url: '/docs/events', onClick: function () { return toggleLeftSidebar(); } }, "Events")), h("li", null, h("stencil-route-link", { url: '/docs/reactive-data', onClick: function () { return toggleLeftSidebar(); } }, "Reactive Data")), h("li", null, h("stencil-route-link", { url: "/docs/templating-jsx", onClick: function () { return toggleLeftSidebar(); } }, "Using JSX")), h("li", null, h("stencil-route-link", { url: '/docs/styling', onClick: function () { return toggleLeftSidebar(); } }, "Styling")), h("li", null, h("stencil-route-link", { url: '/docs/forms', onClick: function () { return toggleLeftSidebar(); } }, "Forms")), h("li", null, h("stencil-route-link", { url: '/docs/config', onClick: function () { return toggleLeftSidebar(); } }, "Config")))), h("li", null, h("h4", null, "Guides"), h("ul", null, h("li", null, h("stencil-route-link", { url: '/docs/distribution', onClick: function () { return toggleLeftSidebar(); } }, "Distribution")), h("li", null, h("stencil-route-link", { url: '/docs/prerendering', onClick: function () { return toggleLeftSidebar(); } }, "Prerendering")), h("li", null, h("stencil-route-link", { url: '/docs/server-side-rendering', onClick: function () { return toggleLeftSidebar(); } }, "Server Side Rendering")), h("li", null, h("stencil-route-link", { url: '/docs/service-workers', onClick: function () { return toggleLeftSidebar(); } }, "Service Workers")), h("li", null, h("stencil-route-link", { url: '/docs/context', onClick: function () { return toggleLeftSidebar(); } }, "Context")), h("li", null, h("stencil-route-link", { url: '/docs/unit-testing', onClick: function () { return toggleLeftSidebar(); } }, "Unit Testing")), h("li", null, h("stencil-route-link", { url: '/docs/router', onClick: function () { return toggleLeftSidebar(); } }, "Router")), h("li", null, h("stencil-route-link", { url: "/docs/framework-integration", onClick: function () { return toggleLeftSidebar(); } }, "Framework Integration")), h("li", null, h("stencil-route-link", { url: '/docs/style-guide', onClick: function () { return toggleLeftSidebar(); } }, "Style Guide")))), h("li", null, h("h4", null, "Community"), h("ul", null, h("li", null, h("a", { href: 'https://github.com/ionic-team/stencil' }, "Stencil on GitHub")), h("li", null, h("a", { href: 'https://join.slack.com/t/stencil-worldwide/shared_invite/enQtMjYwNjg5NDMzODQwLTdiNWZiNDMyMWRjZTBiMjIzMGFlOTZiZWVkNDVjNzc2ZTI5MzI2Y2VjZDgwYjczMjU3NWIxMDYzMzI2ZjY3NjM', title: 'Stencil slack channel' }, "Stencil on Slack")), h("li", null, h("a", { href: 'https://twitter.com/stenciljs' }, "Stencil on Twitter")), h("li", null, h("stencil-route-link", { url: '/docs/add-ons', onClick: function () { return toggleLeftSidebar(); } }, "Add-ons")))))));
        }));
    };
    Object.defineProperty(SiteMenu, "is", {
        get: function () { return "site-menu"; },
        enumerable: true,
        configurable: true
    });
    Object.defineProperty(SiteMenu, "style", {
        get: function () { return "/**style-placeholder:site-menu:**/"; },
        enumerable: true,
        configurable: true
    });
    return SiteMenu;
}());
export { SiteMenu };
